<?xml version="1.0" encoding="UTF-8"?>
<testng-results ignored="0" total="10" passed="10" failed="0" skipped="0">
  <reporter-output>
  </reporter-output>
  <suite started-at="2023-10-27T19:22:21 EDT" name="Suite" finished-at="2023-10-27T19:22:45 EDT" duration-ms="24215">
    <groups>
      <group name="Sanity">
        <method signature="Search_FeatureTest.ValidateInput_withLeading_and_TrailingSpaces()[pri:3, instance:TestNG.Search_FeatureTest@1eef9aef]" name="ValidateInput_withLeading_and_TrailingSpaces" class="TestNG.Search_FeatureTest"/>
        <method signature="Search_FeatureTest.ValidateSearch_with_SearchInProductDescriptions()[pri:7, instance:TestNG.Search_FeatureTest@1eef9aef]" name="ValidateSearch_with_SearchInProductDescriptions" class="TestNG.Search_FeatureTest"/>
        <method signature="Search_FeatureTest.Validate_Search_without_SearchInProductDescriptions()[pri:8, instance:TestNG.Search_FeatureTest@1eef9aef]" name="Validate_Search_without_SearchInProductDescriptions" class="TestNG.Search_FeatureTest"/>
      </group> <!-- Sanity -->
      <group name="Regression">
        <method signature="Search_FeatureTest.Assert_Sort_option()[pri:5, instance:TestNG.Search_FeatureTest@1eef9aef]" name="Assert_Sort_option" class="TestNG.Search_FeatureTest"/>
      </group> <!-- Regression -->
      <group name="Smoke">
        <method signature="Search_FeatureTest.Validate_Search_button_functional()[pri:1, instance:TestNG.Search_FeatureTest@1eef9aef]" name="Validate_Search_button_functional" class="TestNG.Search_FeatureTest"/>
        <method signature="Search_FeatureTest.ValidateProducts_meeting_the_search_criteria_IsPresent()[pri:2, instance:TestNG.Search_FeatureTest@1eef9aef]" name="ValidateProducts_meeting_the_search_criteria_IsPresent" class="TestNG.Search_FeatureTest"/>
        <method signature="Search_FeatureTest.Validate_SearchInSubcategories_is_clickable()[pri:4, instance:TestNG.Search_FeatureTest@1eef9aef]" name="Validate_SearchInSubcategories_is_clickable" class="TestNG.Search_FeatureTest"/>
        <method signature="Search_FeatureTest.Validate_feature_returns_Accurate_Relevant_Results()[pri:6, instance:TestNG.Search_FeatureTest@1eef9aef]" name="Validate_feature_returns_Accurate_Relevant_Results" class="TestNG.Search_FeatureTest"/>
        <method signature="Search_FeatureTest.Assert_Empty_search_query()[pri:9, instance:TestNG.Search_FeatureTest@1eef9aef]" name="Assert_Empty_search_query" class="TestNG.Search_FeatureTest"/>
        <method signature="Search_FeatureTest.Validate_Pagination()[pri:10, instance:TestNG.Search_FeatureTest@1eef9aef]" name="Validate_Pagination" class="TestNG.Search_FeatureTest"/>
      </group> <!-- Smoke -->
    </groups>
    <test started-at="2023-10-27T19:22:21 EDT" name="Test" finished-at="2023-10-27T19:22:45 EDT" duration-ms="24215">
      <class name="TestNG.Search_FeatureTest">
        <test-method is-config="true" signature="beforeTest()[pri:0, instance:TestNG.Search_FeatureTest@1eef9aef]" started-at="2023-10-27T19:22:21 EDT" name="beforeTest" finished-at="2023-10-27T19:22:21 EDT" duration-ms="9" status="PASS">
          <reporter-output>
          </reporter-output>
        </test-method> <!-- beforeTest -->
        <test-method is-config="true" signature="beforeClass(java.lang.String,java.lang.String)[pri:0, instance:TestNG.Search_FeatureTest@1eef9aef]" started-at="2023-10-27T19:22:21 EDT" name="beforeClass" finished-at="2023-10-27T19:22:33 EDT" duration-ms="12056" status="PASS">
          <params>
            <param index="0">
              <value>
                <![CDATA[chrome]]>
              </value>
            </param>
            <param index="1">
              <value>
                <![CDATA[https://tutorialsninja.com/demo/]]>
              </value>
            </param>
          </params>
          <reporter-output>
          </reporter-output>
        </test-method> <!-- beforeClass -->
        <test-method signature="Validate_Search_button_functional()[pri:1, instance:TestNG.Search_FeatureTest@1eef9aef]" started-at="2023-10-27T19:22:33 EDT" name="Validate_Search_button_functional" finished-at="2023-10-27T19:22:36 EDT" duration-ms="3523" status="PASS">
          <reporter-output>
          </reporter-output>
        </test-method> <!-- Validate_Search_button_functional -->
        <test-method signature="ValidateProducts_meeting_the_search_criteria_IsPresent()[pri:2, instance:TestNG.Search_FeatureTest@1eef9aef]" started-at="2023-10-27T19:22:37 EDT" name="ValidateProducts_meeting_the_search_criteria_IsPresent" finished-at="2023-10-27T19:22:38 EDT" duration-ms="1799" status="PASS">
          <reporter-output>
          </reporter-output>
        </test-method> <!-- ValidateProducts_meeting_the_search_criteria_IsPresent -->
        <test-method signature="ValidateInput_withLeading_and_TrailingSpaces()[pri:3, instance:TestNG.Search_FeatureTest@1eef9aef]" started-at="2023-10-27T19:22:38 EDT" name="ValidateInput_withLeading_and_TrailingSpaces" finished-at="2023-10-27T19:22:40 EDT" duration-ms="1550" status="PASS">
          <reporter-output>
          </reporter-output>
        </test-method> <!-- ValidateInput_withLeading_and_TrailingSpaces -->
        <test-method signature="Validate_SearchInSubcategories_is_clickable()[pri:4, instance:TestNG.Search_FeatureTest@1eef9aef]" started-at="2023-10-27T19:22:40 EDT" name="Validate_SearchInSubcategories_is_clickable" finished-at="2023-10-27T19:22:43 EDT" duration-ms="2725" status="PASS">
          <reporter-output>
          </reporter-output>
        </test-method> <!-- Validate_SearchInSubcategories_is_clickable -->
        <test-method signature="Assert_Sort_option()[pri:5, instance:TestNG.Search_FeatureTest@1eef9aef]" started-at="2023-10-27T19:22:43 EDT" name="Assert_Sort_option" finished-at="2023-10-27T19:22:43 EDT" duration-ms="3" status="PASS">
          <reporter-output>
          </reporter-output>
        </test-method> <!-- Assert_Sort_option -->
        <test-method signature="Validate_feature_returns_Accurate_Relevant_Results()[pri:6, instance:TestNG.Search_FeatureTest@1eef9aef]" started-at="2023-10-27T19:22:43 EDT" name="Validate_feature_returns_Accurate_Relevant_Results" finished-at="2023-10-27T19:22:43 EDT" duration-ms="3" status="PASS">
          <reporter-output>
          </reporter-output>
        </test-method> <!-- Validate_feature_returns_Accurate_Relevant_Results -->
        <test-method signature="ValidateSearch_with_SearchInProductDescriptions()[pri:7, instance:TestNG.Search_FeatureTest@1eef9aef]" started-at="2023-10-27T19:22:43 EDT" name="ValidateSearch_with_SearchInProductDescriptions" finished-at="2023-10-27T19:22:43 EDT" duration-ms="4" status="PASS">
          <reporter-output>
          </reporter-output>
        </test-method> <!-- ValidateSearch_with_SearchInProductDescriptions -->
        <test-method signature="Validate_Search_without_SearchInProductDescriptions()[pri:8, instance:TestNG.Search_FeatureTest@1eef9aef]" started-at="2023-10-27T19:22:44 EDT" name="Validate_Search_without_SearchInProductDescriptions" finished-at="2023-10-27T19:22:44 EDT" duration-ms="2" status="PASS">
          <reporter-output>
          </reporter-output>
        </test-method> <!-- Validate_Search_without_SearchInProductDescriptions -->
        <test-method signature="Assert_Empty_search_query()[pri:9, instance:TestNG.Search_FeatureTest@1eef9aef]" started-at="2023-10-27T19:22:44 EDT" name="Assert_Empty_search_query" finished-at="2023-10-27T19:22:44 EDT" duration-ms="2" status="PASS">
          <reporter-output>
          </reporter-output>
        </test-method> <!-- Assert_Empty_search_query -->
        <test-method signature="Validate_Pagination()[pri:10, instance:TestNG.Search_FeatureTest@1eef9aef]" started-at="2023-10-27T19:22:44 EDT" name="Validate_Pagination" finished-at="2023-10-27T19:22:44 EDT" duration-ms="3" status="PASS">
          <reporter-output>
          </reporter-output>
        </test-method> <!-- Validate_Pagination -->
        <test-method is-config="true" signature="afterClass()[pri:0, instance:TestNG.Search_FeatureTest@1eef9aef]" started-at="2023-10-27T19:22:44 EDT" name="afterClass" finished-at="2023-10-27T19:22:44 EDT" duration-ms="100" status="PASS">
          <reporter-output>
          </reporter-output>
        </test-method> <!-- afterClass -->
        <test-method is-config="true" signature="afterTest()[pri:0, instance:TestNG.Search_FeatureTest@1eef9aef]" started-at="2023-10-27T19:22:44 EDT" name="afterTest" finished-at="2023-10-27T19:22:45 EDT" duration-ms="502" status="PASS">
          <reporter-output>
          </reporter-output>
        </test-method> <!-- afterTest -->
      </class> <!-- TestNG.Search_FeatureTest -->
    </test> <!-- Test -->
  </suite> <!-- Suite -->
</testng-results>
