<?xml version="1.0" encoding="UTF-8"?>
<testng-results ignored="0" total="1" passed="1" failed="0" skipped="0">
  <reporter-output>
  </reporter-output>
  <suite started-at="2023-10-28T12:16:48 EDT" name="Default suite" finished-at="2023-10-28T12:16:50 EDT" duration-ms="1422">
    <groups>
    </groups>
    <test started-at="2023-10-28T12:16:48 EDT" name="Default test" finished-at="2023-10-28T12:16:50 EDT" duration-ms="1422">
      <class name="RestAssured.Resr_test">
        <test-method signature="f()[pri:0, instance:RestAssured.Resr_test@7b36aa0c]" started-at="2023-10-28T12:16:48 EDT" name="f" finished-at="2023-10-28T12:16:50 EDT" duration-ms="1375" status="PASS">
          <reporter-output>
          </reporter-output>
        </test-method> <!-- f -->
      </class> <!-- RestAssured.Resr_test -->
    </test> <!-- Default test -->
  </suite> <!-- Default suite -->
</testng-results>
