<?xml version="1.0" encoding="UTF-8"?>
<!-- Generated by org.testng.reporters.JUnitXMLReporter -->
<testsuite ignored="0" hostname="LAPTOP-F3ENBHRG" failures="0" tests="4" name="Default test" time="2.246" errors="0" timestamp="2023-10-30T22:57:21 EDT">
  <testcase classname="RestAssured.RestApiMethods_test" name="deleteApi" time="1.472"/>
  <testcase classname="RestAssured.RestApiMethods_test" name="getApi" time="0.158"/>
  <testcase classname="RestAssured.RestApiMethods_test" name="patchApi" time="0.264"/>
  <testcase classname="RestAssured.RestApiMethods_test" name="postApi" time="0.304"/>
</testsuite> <!-- Default test -->
