<?xml version="1.0" encoding="UTF-8"?>
<!-- Generated by org.testng.reporters.JUnitXMLReporter -->
<testsuite ignored="0" hostname="LAPTOP-F3ENBHRG" failures="0" tests="10" name="Test" time="24.215" errors="0" timestamp="2023-10-27T19:22:45 EDT">
  <testcase classname="TestNG.Search_FeatureTest" name="Validate_Search_button_functional" time="3.523"/>
  <testcase classname="TestNG.Search_FeatureTest" name="ValidateProducts_meeting_the_search_criteria_IsPresent" time="1.799"/>
  <testcase classname="TestNG.Search_FeatureTest" name="ValidateInput_withLeading_and_TrailingSpaces" time="1.55"/>
  <testcase classname="TestNG.Search_FeatureTest" name="Validate_SearchInSubcategories_is_clickable" time="2.725"/>
  <testcase classname="TestNG.Search_FeatureTest" name="Assert_Sort_option" time="0.003"/>
  <testcase classname="TestNG.Search_FeatureTest" name="Validate_feature_returns_Accurate_Relevant_Results" time="0.003"/>
  <testcase classname="TestNG.Search_FeatureTest" name="ValidateSearch_with_SearchInProductDescriptions" time="0.004"/>
  <testcase classname="TestNG.Search_FeatureTest" name="Validate_Search_without_SearchInProductDescriptions" time="0.002"/>
  <testcase classname="TestNG.Search_FeatureTest" name="Assert_Empty_search_query" time="0.002"/>
  <testcase classname="TestNG.Search_FeatureTest" name="Validate_Pagination" time="0.003"/>
</testsuite> <!-- Test -->
